<?xml version="1.0" encoding="UTF-8"?>
<!-- Generated by org.testng.reporters.JUnitReportReporter -->
<testsuite hostname="QT-INBG" failures="0" tests="1" name="TestFramework.RestAssuredProject.UsernameTweet" time="3.940" errors="0" timestamp="2021-04-07T18:36:40 IST" skipped="0">
  <testcase classname="TestFramework.RestAssuredProject.UsernameTweet" name="displayusername_tweet" time="3.940"/>
  <system-out/>
</testsuite> <!-- TestFramework.RestAssuredProject.UsernameTweet -->
