<?xml version="1.0" encoding="UTF-8"?>
<!-- Generated by org.testng.reporters.JUnitReportReporter -->
<testsuite hostname="QT-INBG" failures="0" tests="1" name="TestFramework.RestAssuredProject.ListTwitterByUser" time="4.602" errors="0" timestamp="2021-04-08T10:32:40 IST" skipped="0">
  <testcase classname="TestFramework.RestAssuredProject.ListTwitterByUser" name="getUserTweet" time="4.602"/>
  <system-out/>
</testsuite> <!-- TestFramework.RestAssuredProject.ListTwitterByUser -->
