<?xml version="1.0" encoding="UTF-8"?>
<!-- Generated by org.testng.reporters.JUnitReportReporter -->
<testsuite hostname="QT-INBG" failures="0" tests="1" name="TestFramework.RestAssuredProject.Third" time="0.900" errors="0" timestamp="6 Apr 2021 05:19:33 GMT">
  <testcase classname="TestFramework.RestAssuredProject.Third" name="APITest2" time="0.900"/>
</testsuite> <!-- TestFramework.RestAssuredProject.Third -->
