<?xml version="1.0" encoding="UTF-8"?>
<!-- Generated by org.testng.reporters.JUnitReportReporter -->
<testsuite hostname="QT-INBG" failures="0" tests="1" name="TestFramework.RestAssuredProject.BlockUser" time="5.169" errors="0" timestamp="2021-04-07T18:23:49 IST" skipped="0">
  <testcase classname="TestFramework.RestAssuredProject.BlockUser" name="block_user" time="5.169"/>
  <system-out/>
</testsuite> <!-- TestFramework.RestAssuredProject.BlockUser -->
