<?xml version="1.0" encoding="UTF-8"?>
<!-- Generated by org.testng.reporters.JUnitReportReporter -->
<testsuite hostname="QT-INBG" failures="0" tests="1" name="TestFramework.RestAssuredProject.first" time="4.439" errors="0" timestamp="6 Apr 2021 05:19:33 GMT">
  <testcase classname="TestFramework.RestAssuredProject.first" name="APITest" time="4.439"/>
</testsuite> <!-- TestFramework.RestAssuredProject.first -->
