<?xml version="1.0" encoding="UTF-8"?>
<!-- Generated by org.testng.reporters.JUnitReportReporter -->
<testsuite hostname="QT-INBG" failures="0" tests="4" name="TestFramework.RestAssuredProject.TrendingHASHTAGS" time="8.117" errors="0" timestamp="2021-04-07T15:16:55 IST" skipped="0">
  <testcase classname="TestFramework.RestAssuredProject.TrendingHASHTAGS" name="API_test" time="1.506"/>
  <system-out/>
  <testcase classname="TestFramework.RestAssuredProject.TrendingHASHTAGS" name="API_test" time="1.510"/>
  <system-out/>
  <testcase classname="TestFramework.RestAssuredProject.TrendingHASHTAGS" name="API_test" time="3.584"/>
  <system-out/>
  <testcase classname="TestFramework.RestAssuredProject.TrendingHASHTAGS" name="API_test" time="1.517"/>
  <system-out/>
</testsuite> <!-- TestFramework.RestAssuredProject.TrendingHASHTAGS -->
