<?xml version="1.0" encoding="UTF-8"?>
<!-- Generated by org.testng.reporters.JUnitReportReporter -->
<testsuite hostname="QT-INBG" failures="0" tests="1" name="TestFramework.RestAssuredProject.WeatherUpdate" time="3.667" errors="0" timestamp="2021-04-07T16:45:29 IST" skipped="0">
  <testcase classname="TestFramework.RestAssuredProject.WeatherUpdate" name="Weather" time="3.667"/>
  <system-out/>
</testsuite> <!-- TestFramework.RestAssuredProject.WeatherUpdate -->
